                  
+------------+---------------------+
| first_name |        major        |
+------------+---------------------+
| Brian      |                     |
| Mariana    | Web Development     |
|            | Network Engineering |
+------------+---------------------+
(3 rows)

                   
+----------+-------------------------+
| major_id |          major          |
+----------+-------------------------+
|       36 | Database Administration |
|       37 | Web Development         |
|       38 | Data Science            |
|       39 | Network Engineering     |
|       40 | Computer Programming    |
|       41 | Game Design             |
|       42 | System Administration   |
+----------+-------------------------+
(7 rows)

                              
+------------+------------+--------------+----------+-----+
| student_id | first_name |  last_name   | major_id | gpa |
+------------+------------+--------------+----------+-----+
|          6 | Rhea       | Kellems      |       36 | 2.5 |
|          7 | Emma       | Gilbert      |          |     |
|          8 | Kimberly   | Whitley      |       37 | 3.8 |
|          9 | Jimmy      | Felipe       |       36 | 3.7 |
|         10 | Kyle       | Stimson      |          | 2.8 |
|         11 | Casares    | Hijo         |       41 | 4.0 |
|         12 | Noe        | Savage       |          | 3.6 |
|         13 | Sterling   | Boss         |       41 | 3.9 |
|         14 | Brian      | Davis        |          | 2.3 |
|         15 | Kaija      | Uronen       |       41 | 3.7 |
|         16 | Faye       | Conn         |       41 | 2.1 |
|         17 | Efren      | Reilly       |       37 | 3.9 |
|         18 | Danh       | Nhung        |          | 2.4 |
|         19 | Maxine     | Hagenes      |       36 | 2.9 |
|         20 | Larry      | Saunders     |       38 | 2.2 |
|         21 | Karl       | Kuhar        |       37 |     |
|         22 | Lieke      | Hazenveld    |       41 | 3.5 |
|         23 | Obie       | Hilpert      |       37 |     |
|         24 | Peter      | Booysen      |          | 2.9 |
|         25 | Nathan     | Turner       |       36 | 3.3 |
|         26 | Gerald     | Osiki        |       38 | 2.2 |
|         27 | Vanya      | Hassanah     |       41 | 4.0 |
|         28 | Roxelana   | Florescu     |       36 | 3.2 |
|         29 | Helene     | Parker       |       38 | 3.4 |
|         30 | Mariana    | Russel       |       37 | 1.8 |
|         31 | Ajit       | Dhungel      |          | 3.0 |
|         32 | Mehdi      | Vandenberghe |       36 | 1.9 |
|         33 | Dejon      | Howell       |       37 | 4.0 |
|         34 | Aliya      | Gulgowski    |       42 | 2.6 |
|         35 | Ana        | Tupajic      |       38 | 3.1 |
|         36 | Hugo       | Duran        |          | 3.8 |
+------------+------------+--------------+----------+-----+
(31 rows)

                                                
+------------+------------+--------------+----------+-----+----------+-------------------------+
| student_id | first_name |  last_name   | major_id | gpa | major_id |          major          |
+------------+------------+--------------+----------+-----+----------+-------------------------+
|          6 | Rhea       | Kellems      |       36 | 2.5 |       36 | Database Administration |
|          7 | Emma       | Gilbert      |          |     |          |                         |
|          8 | Kimberly   | Whitley      |       37 | 3.8 |       37 | Web Development         |
|          9 | Jimmy      | Felipe       |       36 | 3.7 |       36 | Database Administration |
|         10 | Kyle       | Stimson      |          | 2.8 |          |                         |
|         11 | Casares    | Hijo         |       41 | 4.0 |       41 | Game Design             |
|         12 | Noe        | Savage       |          | 3.6 |          |                         |
|         13 | Sterling   | Boss         |       41 | 3.9 |       41 | Game Design             |
|         14 | Brian      | Davis        |          | 2.3 |          |                         |
|         15 | Kaija      | Uronen       |       41 | 3.7 |       41 | Game Design             |
|         16 | Faye       | Conn         |       41 | 2.1 |       41 | Game Design             |
|         17 | Efren      | Reilly       |       37 | 3.9 |       37 | Web Development         |
|         18 | Danh       | Nhung        |          | 2.4 |          |                         |
|         19 | Maxine     | Hagenes      |       36 | 2.9 |       36 | Database Administration |
|         20 | Larry      | Saunders     |       38 | 2.2 |       38 | Data Science            |
|         21 | Karl       | Kuhar        |       37 |     |       37 | Web Development         |
|         22 | Lieke      | Hazenveld    |       41 | 3.5 |       41 | Game Design             |
|         23 | Obie       | Hilpert      |       37 |     |       37 | Web Development         |
|         24 | Peter      | Booysen      |          | 2.9 |          |                         |
|         25 | Nathan     | Turner       |       36 | 3.3 |       36 | Database Administration |
|         26 | Gerald     | Osiki        |       38 | 2.2 |       38 | Data Science            |
|         27 | Vanya      | Hassanah     |       41 | 4.0 |       41 | Game Design             |
|         28 | Roxelana   | Florescu     |       36 | 3.2 |       36 | Database Administration |
|         29 | Helene     | Parker       |       38 | 3.4 |       38 | Data Science            |
|         30 | Mariana    | Russel       |       37 | 1.8 |       37 | Web Development         |
|         31 | Ajit       | Dhungel      |          | 3.0 |          |                         |
|         32 | Mehdi      | Vandenberghe |       36 | 1.9 |       36 | Database Administration |
|         33 | Dejon      | Howell       |       37 | 4.0 |       37 | Web Development         |
|         34 | Aliya      | Gulgowski    |       42 | 2.6 |       42 | System Administration   |
|         35 | Ana        | Tupajic      |       38 | 3.1 |       38 | Data Science            |
|         36 | Hugo       | Duran        |          | 3.8 |          |                         |
|            |            |              |          |     |       39 | Network Engineering     |
|            |            |              |          |     |       40 | Computer Programming    |
+------------+------------+--------------+----------+-----+----------+-------------------------+
(33 rows)

      
+----------+
| major_id |
+----------+
|       36 |
|          |
|       37 |
|       36 |
|          |
|       41 |
|          |
|       41 |
|          |
|       41 |
|       41 |
|       37 |
|          |
|       36 |
|       38 |
|       37 |
|       41 |
|       37 |
|          |
|       36 |
|       38 |
|       41 |
|       36 |
|       38 |
|       37 |
|          |
|       36 |
|       37 |
|       42 |
|       38 |
|          |
|          |
|          |
+----------+
(33 rows)

      
+----------+
| major_id |
+----------+
|       36 |
|          |
|       37 |
|       36 |
|          |
|       41 |
|          |
|       41 |
|          |
|       41 |
|       41 |
|       37 |
|          |
|       36 |
|       38 |
|       37 |
|       41 |
|       37 |
|          |
|       36 |
|       38 |
|       41 |
|       36 |
|       38 |
|       37 |
|          |
|       36 |
|       37 |
|       42 |
|       38 |
|          |
|          |
|          |
+----------+
(33 rows)

      
+----------+
| major_id |
+----------+
|       36 |
|          |
|       37 |
|       36 |
|          |
|       41 |
|          |
|       41 |
|          |
|       41 |
|       41 |
|       37 |
|          |
|       36 |
|       38 |
|       37 |
|       41 |
|       37 |
|          |
|       36 |
|       38 |
|       41 |
|       36 |
|       38 |
|       37 |
|          |
|       36 |
|       37 |
|       42 |
|       38 |
|          |
|          |
|          |
+----------+
(33 rows)

                                           
+----------+------------+------------+--------------+-----+-------------------------+
| major_id | student_id | first_name |  last_name   | gpa |          major          |
+----------+------------+------------+--------------+-----+-------------------------+
|       36 |          6 | Rhea       | Kellems      | 2.5 | Database Administration |
|          |          7 | Emma       | Gilbert      |     |                         |
|       37 |          8 | Kimberly   | Whitley      | 3.8 | Web Development         |
|       36 |          9 | Jimmy      | Felipe       | 3.7 | Database Administration |
|          |         10 | Kyle       | Stimson      | 2.8 |                         |
|       41 |         11 | Casares    | Hijo         | 4.0 | Game Design             |
|          |         12 | Noe        | Savage       | 3.6 |                         |
|       41 |         13 | Sterling   | Boss         | 3.9 | Game Design             |
|          |         14 | Brian      | Davis        | 2.3 |                         |
|       41 |         15 | Kaija      | Uronen       | 3.7 | Game Design             |
|       41 |         16 | Faye       | Conn         | 2.1 | Game Design             |
|       37 |         17 | Efren      | Reilly       | 3.9 | Web Development         |
|          |         18 | Danh       | Nhung        | 2.4 |                         |
|       36 |         19 | Maxine     | Hagenes      | 2.9 | Database Administration |
|       38 |         20 | Larry      | Saunders     | 2.2 | Data Science            |
|       37 |         21 | Karl       | Kuhar        |     | Web Development         |
|       41 |         22 | Lieke      | Hazenveld    | 3.5 | Game Design             |
|       37 |         23 | Obie       | Hilpert      |     | Web Development         |
|          |         24 | Peter      | Booysen      | 2.9 |                         |
|       36 |         25 | Nathan     | Turner       | 3.3 | Database Administration |
|       38 |         26 | Gerald     | Osiki        | 2.2 | Data Science            |
|       41 |         27 | Vanya      | Hassanah     | 4.0 | Game Design             |
|       36 |         28 | Roxelana   | Florescu     | 3.2 | Database Administration |
|       38 |         29 | Helene     | Parker       | 3.4 | Data Science            |
|       37 |         30 | Mariana    | Russel       | 1.8 | Web Development         |
|          |         31 | Ajit       | Dhungel      | 3.0 |                         |
|       36 |         32 | Mehdi      | Vandenberghe | 1.9 | Database Administration |
|       37 |         33 | Dejon      | Howell       | 4.0 | Web Development         |
|       42 |         34 | Aliya      | Gulgowski    | 2.6 | System Administration   |
|       38 |         35 | Ana        | Tupajic      | 3.1 | Data Science            |
|          |         36 | Hugo       | Duran        | 3.8 |                         |
|       39 |            |            |              |     | Network Engineering     |
|       40 |            |            |              |     | Computer Programming    |
+----------+------------+------------+--------------+-----+-------------------------+
(33 rows)

                      List of relations
+--------+-------------------------+----------+--------------+
| Schema |          Name           |   Type   |    Owner     |
+--------+-------------------------+----------+--------------+
| public | courses                 | table    | freecodecamp |
| public | courses_course_id_seq   | sequence | freecodecamp |
| public | majors                  | table    | freecodecamp |
| public | majors_courses          | table    | freecodecamp |
| public | majors_major_id_seq     | sequence | freecodecamp |
| public | students                | table    | freecodecamp |
| public | students_student_id_seq | sequence | freecodecamp |
+--------+-------------------------+----------+--------------+
(7 rows)

            
+----------+-----------+
| major_id | course_id |
+----------+-----------+
|       36 |        23 |
|       37 |        24 |
|       36 |        25 |
|       38 |        23 |
|       39 |        26 |
|       36 |        27 |
|       38 |        28 |
|       39 |        29 |
|       40 |        26 |
|       36 |        30 |
|       41 |        31 |
|       38 |        32 |
|       40 |        33 |
|       42 |        29 |
|       41 |        34 |
|       37 |        23 |
|       38 |        34 |
|       37 |        33 |
|       41 |        35 |
|       42 |        26 |
|       41 |        36 |
|       42 |        37 |
|       42 |        38 |
|       40 |        29 |
|       40 |        32 |
|       39 |        39 |
|       37 |        30 |
|       39 |        36 |
+----------+-----------+
(28 rows)

                                                 
+----------+------------+------------+--------------+-----+-------------------------+-----------+
| major_id | student_id | first_name |  last_name   | gpa |          major          | course_id |
+----------+------------+------------+--------------+-----+-------------------------+-----------+
|       36 |          6 | Rhea       | Kellems      | 2.5 | Database Administration |        30 |
|       36 |          6 | Rhea       | Kellems      | 2.5 | Database Administration |        27 |
|       36 |          6 | Rhea       | Kellems      | 2.5 | Database Administration |        25 |
|       36 |          6 | Rhea       | Kellems      | 2.5 | Database Administration |        23 |
|          |          7 | Emma       | Gilbert      |     |                         |           |
|       37 |          8 | Kimberly   | Whitley      | 3.8 | Web Development         |        30 |
|       37 |          8 | Kimberly   | Whitley      | 3.8 | Web Development         |        33 |
|       37 |          8 | Kimberly   | Whitley      | 3.8 | Web Development         |        23 |
|       37 |          8 | Kimberly   | Whitley      | 3.8 | Web Development         |        24 |
|       36 |          9 | Jimmy      | Felipe       | 3.7 | Database Administration |        30 |
|       36 |          9 | Jimmy      | Felipe       | 3.7 | Database Administration |        27 |
|       36 |          9 | Jimmy      | Felipe       | 3.7 | Database Administration |        25 |
|       36 |          9 | Jimmy      | Felipe       | 3.7 | Database Administration |        23 |
|          |         10 | Kyle       | Stimson      | 2.8 |                         |           |
|       41 |         11 | Casares    | Hijo         | 4.0 | Game Design             |        36 |
|       41 |         11 | Casares    | Hijo         | 4.0 | Game Design             |        35 |
|       41 |         11 | Casares    | Hijo         | 4.0 | Game Design             |        34 |
|       41 |         11 | Casares    | Hijo         | 4.0 | Game Design             |        31 |
|          |         12 | Noe        | Savage       | 3.6 |                         |           |
|       41 |         13 | Sterling   | Boss         | 3.9 | Game Design             |        36 |
|       41 |         13 | Sterling   | Boss         | 3.9 | Game Design             |        35 |
|       41 |         13 | Sterling   | Boss         | 3.9 | Game Design             |        34 |
|       41 |         13 | Sterling   | Boss         | 3.9 | Game Design             |        31 |
|          |         14 | Brian      | Davis        | 2.3 |                         |           |
|       41 |         15 | Kaija      | Uronen       | 3.7 | Game Design             |        36 |
|       41 |         15 | Kaija      | Uronen       | 3.7 | Game Design             |        35 |
|       41 |         15 | Kaija      | Uronen       | 3.7 | Game Design             |        34 |
|       41 |         15 | Kaija      | Uronen       | 3.7 | Game Design             |        31 |
|       41 |         16 | Faye       | Conn         | 2.1 | Game Design             |        36 |
|       41 |         16 | Faye       | Conn         | 2.1 | Game Design             |        35 |
|       41 |         16 | Faye       | Conn         | 2.1 | Game Design             |        34 |
|       41 |         16 | Faye       | Conn         | 2.1 | Game Design             |        31 |
|       37 |         17 | Efren      | Reilly       | 3.9 | Web Development         |        30 |
|       37 |         17 | Efren      | Reilly       | 3.9 | Web Development         |        33 |
|       37 |         17 | Efren      | Reilly       | 3.9 | Web Development         |        23 |
|       37 |         17 | Efren      | Reilly       | 3.9 | Web Development         |        24 |
|          |         18 | Danh       | Nhung        | 2.4 |                         |           |
|       36 |         19 | Maxine     | Hagenes      | 2.9 | Database Administration |        30 |
|       36 |         19 | Maxine     | Hagenes      | 2.9 | Database Administration |        27 |
|       36 |         19 | Maxine     | Hagenes      | 2.9 | Database Administration |        25 |
|       36 |         19 | Maxine     | Hagenes      | 2.9 | Database Administration |        23 |
|       38 |         20 | Larry      | Saunders     | 2.2 | Data Science            |        34 |
|       38 |         20 | Larry      | Saunders     | 2.2 | Data Science            |        32 |
|       38 |         20 | Larry      | Saunders     | 2.2 | Data Science            |        28 |
|       38 |         20 | Larry      | Saunders     | 2.2 | Data Science            |        23 |
|       37 |         21 | Karl       | Kuhar        |     | Web Development         |        30 |
|       37 |         21 | Karl       | Kuhar        |     | Web Development         |        33 |
|       37 |         21 | Karl       | Kuhar        |     | Web Development         |        23 |
|       37 |         21 | Karl       | Kuhar        |     | Web Development         |        24 |
|       41 |         22 | Lieke      | Hazenveld    | 3.5 | Game Design             |        36 |
|       41 |         22 | Lieke      | Hazenveld    | 3.5 | Game Design             |        35 |
|       41 |         22 | Lieke      | Hazenveld    | 3.5 | Game Design             |        34 |
|       41 |         22 | Lieke      | Hazenveld    | 3.5 | Game Design             |        31 |
|       37 |         23 | Obie       | Hilpert      |     | Web Development         |        30 |
|       37 |         23 | Obie       | Hilpert      |     | Web Development         |        33 |
|       37 |         23 | Obie       | Hilpert      |     | Web Development         |        23 |
|       37 |         23 | Obie       | Hilpert      |     | Web Development         |        24 |
|          |         24 | Peter      | Booysen      | 2.9 |                         |           |
|       36 |         25 | Nathan     | Turner       | 3.3 | Database Administration |        30 |
|       36 |         25 | Nathan     | Turner       | 3.3 | Database Administration |        27 |
|       36 |         25 | Nathan     | Turner       | 3.3 | Database Administration |        25 |
|       36 |         25 | Nathan     | Turner       | 3.3 | Database Administration |        23 |
|       38 |         26 | Gerald     | Osiki        | 2.2 | Data Science            |        34 |
|       38 |         26 | Gerald     | Osiki        | 2.2 | Data Science            |        32 |
|       38 |         26 | Gerald     | Osiki        | 2.2 | Data Science            |        28 |
|       38 |         26 | Gerald     | Osiki        | 2.2 | Data Science            |        23 |
|       41 |         27 | Vanya      | Hassanah     | 4.0 | Game Design             |        36 |
|       41 |         27 | Vanya      | Hassanah     | 4.0 | Game Design             |        35 |
|       41 |         27 | Vanya      | Hassanah     | 4.0 | Game Design             |        34 |
|       41 |         27 | Vanya      | Hassanah     | 4.0 | Game Design             |        31 |
|       36 |         28 | Roxelana   | Florescu     | 3.2 | Database Administration |        30 |
|       36 |         28 | Roxelana   | Florescu     | 3.2 | Database Administration |        27 |
|       36 |         28 | Roxelana   | Florescu     | 3.2 | Database Administration |        25 |
|       36 |         28 | Roxelana   | Florescu     | 3.2 | Database Administration |        23 |
|       38 |         29 | Helene     | Parker       | 3.4 | Data Science            |        34 |
|       38 |         29 | Helene     | Parker       | 3.4 | Data Science            |        32 |
|       38 |         29 | Helene     | Parker       | 3.4 | Data Science            |        28 |
|       38 |         29 | Helene     | Parker       | 3.4 | Data Science            |        23 |
|       37 |         30 | Mariana    | Russel       | 1.8 | Web Development         |        30 |
|       37 |         30 | Mariana    | Russel       | 1.8 | Web Development         |        33 |
|       37 |         30 | Mariana    | Russel       | 1.8 | Web Development         |        23 |
|       37 |         30 | Mariana    | Russel       | 1.8 | Web Development         |        24 |
|          |         31 | Ajit       | Dhungel      | 3.0 |                         |           |
|       36 |         32 | Mehdi      | Vandenberghe | 1.9 | Database Administration |        30 |
|       36 |         32 | Mehdi      | Vandenberghe | 1.9 | Database Administration |        27 |
|       36 |         32 | Mehdi      | Vandenberghe | 1.9 | Database Administration |        25 |
|       36 |         32 | Mehdi      | Vandenberghe | 1.9 | Database Administration |        23 |
|       37 |         33 | Dejon      | Howell       | 4.0 | Web Development         |        30 |
|       37 |         33 | Dejon      | Howell       | 4.0 | Web Development         |        33 |
|       37 |         33 | Dejon      | Howell       | 4.0 | Web Development         |        23 |
|       37 |         33 | Dejon      | Howell       | 4.0 | Web Development         |        24 |
|       42 |         34 | Aliya      | Gulgowski    | 2.6 | System Administration   |        38 |
|       42 |         34 | Aliya      | Gulgowski    | 2.6 | System Administration   |        37 |
|       42 |         34 | Aliya      | Gulgowski    | 2.6 | System Administration   |        26 |
|       42 |         34 | Aliya      | Gulgowski    | 2.6 | System Administration   |        29 |
|       38 |         35 | Ana        | Tupajic      | 3.1 | Data Science            |        34 |
|       38 |         35 | Ana        | Tupajic      | 3.1 | Data Science            |        32 |
|       38 |         35 | Ana        | Tupajic      | 3.1 | Data Science            |        28 |
|       38 |         35 | Ana        | Tupajic      | 3.1 | Data Science            |        23 |
|          |         36 | Hugo       | Duran        | 3.8 |                         |           |
|       39 |            |            |              |     | Network Engineering     |        36 |
|       39 |            |            |              |     | Network Engineering     |        39 |
|       39 |            |            |              |     | Network Engineering     |        29 |
|       39 |            |            |              |     | Network Engineering     |        26 |
|       40 |            |            |              |     | Computer Programming    |        32 |
|       40 |            |            |              |     | Computer Programming    |        29 |
|       40 |            |            |              |     | Computer Programming    |        33 |
|       40 |            |            |              |     | Computer Programming    |        26 |
+----------+------------+------------+--------------+-----+-------------------------+-----------+
(108 rows)

                       
+-----------+--------------------------------+
| course_id |             course             |
+-----------+--------------------------------+
|        23 | Data Structures and Algorithms |
|        24 | Web Programming                |
|        25 | Database Systems               |
|        26 | Computer Networks              |
|        27 | SQL                            |
|        28 | Machine Learning               |
|        29 | Computer Systems               |
|        30 | Web Applications               |
|        31 | Artificial Intelligence        |
|        32 | Python                         |
|        33 | Object-Oriented Programming    |
|        34 | Calculus                       |
|        35 | Game Architecture              |
|        36 | Algorithms                     |
|        37 | UNIX                           |
|        38 | Server Administration          |
|        39 | Network Security               |
+-----------+--------------------------------+
(17 rows)

                                                                 
+-----------+----------+------------+------------+--------------+-----+-------------------------+--------------------------------+
| course_id | major_id | student_id | first_name |  last_name   | gpa |          major          |             course             |
+-----------+----------+------------+------------+--------------+-----+-------------------------+--------------------------------+
|        30 |       36 |          6 | Rhea       | Kellems      | 2.5 | Database Administration | Web Applications               |
|        27 |       36 |          6 | Rhea       | Kellems      | 2.5 | Database Administration | SQL                            |
|        25 |       36 |          6 | Rhea       | Kellems      | 2.5 | Database Administration | Database Systems               |
|        23 |       36 |          6 | Rhea       | Kellems      | 2.5 | Database Administration | Data Structures and Algorithms |
|           |          |          7 | Emma       | Gilbert      |     |                         |                                |
|        30 |       37 |          8 | Kimberly   | Whitley      | 3.8 | Web Development         | Web Applications               |
|        33 |       37 |          8 | Kimberly   | Whitley      | 3.8 | Web Development         | Object-Oriented Programming    |
|        23 |       37 |          8 | Kimberly   | Whitley      | 3.8 | Web Development         | Data Structures and Algorithms |
|        24 |       37 |          8 | Kimberly   | Whitley      | 3.8 | Web Development         | Web Programming                |
|        30 |       36 |          9 | Jimmy      | Felipe       | 3.7 | Database Administration | Web Applications               |
|        27 |       36 |          9 | Jimmy      | Felipe       | 3.7 | Database Administration | SQL                            |
|        25 |       36 |          9 | Jimmy      | Felipe       | 3.7 | Database Administration | Database Systems               |
|        23 |       36 |          9 | Jimmy      | Felipe       | 3.7 | Database Administration | Data Structures and Algorithms |
|           |          |         10 | Kyle       | Stimson      | 2.8 |                         |                                |
|        36 |       41 |         11 | Casares    | Hijo         | 4.0 | Game Design             | Algorithms                     |
|        35 |       41 |         11 | Casares    | Hijo         | 4.0 | Game Design             | Game Architecture              |
|        34 |       41 |         11 | Casares    | Hijo         | 4.0 | Game Design             | Calculus                       |
|        31 |       41 |         11 | Casares    | Hijo         | 4.0 | Game Design             | Artificial Intelligence        |
|           |          |         12 | Noe        | Savage       | 3.6 |                         |                                |
|        36 |       41 |         13 | Sterling   | Boss         | 3.9 | Game Design             | Algorithms                     |
|        35 |       41 |         13 | Sterling   | Boss         | 3.9 | Game Design             | Game Architecture              |
|        34 |       41 |         13 | Sterling   | Boss         | 3.9 | Game Design             | Calculus                       |
|        31 |       41 |         13 | Sterling   | Boss         | 3.9 | Game Design             | Artificial Intelligence        |
|           |          |         14 | Brian      | Davis        | 2.3 |                         |                                |
|        36 |       41 |         15 | Kaija      | Uronen       | 3.7 | Game Design             | Algorithms                     |
|        35 |       41 |         15 | Kaija      | Uronen       | 3.7 | Game Design             | Game Architecture              |
|        34 |       41 |         15 | Kaija      | Uronen       | 3.7 | Game Design             | Calculus                       |
|        31 |       41 |         15 | Kaija      | Uronen       | 3.7 | Game Design             | Artificial Intelligence        |
|        36 |       41 |         16 | Faye       | Conn         | 2.1 | Game Design             | Algorithms                     |
|        35 |       41 |         16 | Faye       | Conn         | 2.1 | Game Design             | Game Architecture              |
|        34 |       41 |         16 | Faye       | Conn         | 2.1 | Game Design             | Calculus                       |
|        31 |       41 |         16 | Faye       | Conn         | 2.1 | Game Design             | Artificial Intelligence        |
|        30 |       37 |         17 | Efren      | Reilly       | 3.9 | Web Development         | Web Applications               |
|        33 |       37 |         17 | Efren      | Reilly       | 3.9 | Web Development         | Object-Oriented Programming    |
|        23 |       37 |         17 | Efren      | Reilly       | 3.9 | Web Development         | Data Structures and Algorithms |
|        24 |       37 |         17 | Efren      | Reilly       | 3.9 | Web Development         | Web Programming                |
|           |          |         18 | Danh       | Nhung        | 2.4 |                         |                                |
|        30 |       36 |         19 | Maxine     | Hagenes      | 2.9 | Database Administration | Web Applications               |
|        27 |       36 |         19 | Maxine     | Hagenes      | 2.9 | Database Administration | SQL                            |
|        25 |       36 |         19 | Maxine     | Hagenes      | 2.9 | Database Administration | Database Systems               |
|        23 |       36 |         19 | Maxine     | Hagenes      | 2.9 | Database Administration | Data Structures and Algorithms |
|        34 |       38 |         20 | Larry      | Saunders     | 2.2 | Data Science            | Calculus                       |
|        32 |       38 |         20 | Larry      | Saunders     | 2.2 | Data Science            | Python                         |
|        28 |       38 |         20 | Larry      | Saunders     | 2.2 | Data Science            | Machine Learning               |
|        23 |       38 |         20 | Larry      | Saunders     | 2.2 | Data Science            | Data Structures and Algorithms |
|        30 |       37 |         21 | Karl       | Kuhar        |     | Web Development         | Web Applications               |
|        33 |       37 |         21 | Karl       | Kuhar        |     | Web Development         | Object-Oriented Programming    |
|        23 |       37 |         21 | Karl       | Kuhar        |     | Web Development         | Data Structures and Algorithms |
|        24 |       37 |         21 | Karl       | Kuhar        |     | Web Development         | Web Programming                |
|        36 |       41 |         22 | Lieke      | Hazenveld    | 3.5 | Game Design             | Algorithms                     |
|        35 |       41 |         22 | Lieke      | Hazenveld    | 3.5 | Game Design             | Game Architecture              |
|        34 |       41 |         22 | Lieke      | Hazenveld    | 3.5 | Game Design             | Calculus                       |
|        31 |       41 |         22 | Lieke      | Hazenveld    | 3.5 | Game Design             | Artificial Intelligence        |
|        30 |       37 |         23 | Obie       | Hilpert      |     | Web Development         | Web Applications               |
|        33 |       37 |         23 | Obie       | Hilpert      |     | Web Development         | Object-Oriented Programming    |
|        23 |       37 |         23 | Obie       | Hilpert      |     | Web Development         | Data Structures and Algorithms |
|        24 |       37 |         23 | Obie       | Hilpert      |     | Web Development         | Web Programming                |
|           |          |         24 | Peter      | Booysen      | 2.9 |                         |                                |
|        30 |       36 |         25 | Nathan     | Turner       | 3.3 | Database Administration | Web Applications               |
|        27 |       36 |         25 | Nathan     | Turner       | 3.3 | Database Administration | SQL                            |
|        25 |       36 |         25 | Nathan     | Turner       | 3.3 | Database Administration | Database Systems               |
|        23 |       36 |         25 | Nathan     | Turner       | 3.3 | Database Administration | Data Structures and Algorithms |
|        34 |       38 |         26 | Gerald     | Osiki        | 2.2 | Data Science            | Calculus                       |
|        32 |       38 |         26 | Gerald     | Osiki        | 2.2 | Data Science            | Python                         |
|        28 |       38 |         26 | Gerald     | Osiki        | 2.2 | Data Science            | Machine Learning               |
|        23 |       38 |         26 | Gerald     | Osiki        | 2.2 | Data Science            | Data Structures and Algorithms |
|        36 |       41 |         27 | Vanya      | Hassanah     | 4.0 | Game Design             | Algorithms                     |
|        35 |       41 |         27 | Vanya      | Hassanah     | 4.0 | Game Design             | Game Architecture              |
|        34 |       41 |         27 | Vanya      | Hassanah     | 4.0 | Game Design             | Calculus                       |
|        31 |       41 |         27 | Vanya      | Hassanah     | 4.0 | Game Design             | Artificial Intelligence        |
|        30 |       36 |         28 | Roxelana   | Florescu     | 3.2 | Database Administration | Web Applications               |
|        27 |       36 |         28 | Roxelana   | Florescu     | 3.2 | Database Administration | SQL                            |
|        25 |       36 |         28 | Roxelana   | Florescu     | 3.2 | Database Administration | Database Systems               |
|        23 |       36 |         28 | Roxelana   | Florescu     | 3.2 | Database Administration | Data Structures and Algorithms |
|        34 |       38 |         29 | Helene     | Parker       | 3.4 | Data Science            | Calculus                       |
|        32 |       38 |         29 | Helene     | Parker       | 3.4 | Data Science            | Python                         |
|        28 |       38 |         29 | Helene     | Parker       | 3.4 | Data Science            | Machine Learning               |
|        23 |       38 |         29 | Helene     | Parker       | 3.4 | Data Science            | Data Structures and Algorithms |
|        30 |       37 |         30 | Mariana    | Russel       | 1.8 | Web Development         | Web Applications               |
|        33 |       37 |         30 | Mariana    | Russel       | 1.8 | Web Development         | Object-Oriented Programming    |
|        23 |       37 |         30 | Mariana    | Russel       | 1.8 | Web Development         | Data Structures and Algorithms |
|        24 |       37 |         30 | Mariana    | Russel       | 1.8 | Web Development         | Web Programming                |
|           |          |         31 | Ajit       | Dhungel      | 3.0 |                         |                                |
|        30 |       36 |         32 | Mehdi      | Vandenberghe | 1.9 | Database Administration | Web Applications               |
|        27 |       36 |         32 | Mehdi      | Vandenberghe | 1.9 | Database Administration | SQL                            |
|        25 |       36 |         32 | Mehdi      | Vandenberghe | 1.9 | Database Administration | Database Systems               |
|        23 |       36 |         32 | Mehdi      | Vandenberghe | 1.9 | Database Administration | Data Structures and Algorithms |
|        30 |       37 |         33 | Dejon      | Howell       | 4.0 | Web Development         | Web Applications               |
|        33 |       37 |         33 | Dejon      | Howell       | 4.0 | Web Development         | Object-Oriented Programming    |
|        23 |       37 |         33 | Dejon      | Howell       | 4.0 | Web Development         | Data Structures and Algorithms |
|        24 |       37 |         33 | Dejon      | Howell       | 4.0 | Web Development         | Web Programming                |
|        38 |       42 |         34 | Aliya      | Gulgowski    | 2.6 | System Administration   | Server Administration          |
|        37 |       42 |         34 | Aliya      | Gulgowski    | 2.6 | System Administration   | UNIX                           |
|        26 |       42 |         34 | Aliya      | Gulgowski    | 2.6 | System Administration   | Computer Networks              |
|        29 |       42 |         34 | Aliya      | Gulgowski    | 2.6 | System Administration   | Computer Systems               |
|        34 |       38 |         35 | Ana        | Tupajic      | 3.1 | Data Science            | Calculus                       |
|        32 |       38 |         35 | Ana        | Tupajic      | 3.1 | Data Science            | Python                         |
|        28 |       38 |         35 | Ana        | Tupajic      | 3.1 | Data Science            | Machine Learning               |
|        23 |       38 |         35 | Ana        | Tupajic      | 3.1 | Data Science            | Data Structures and Algorithms |
|           |          |         36 | Hugo       | Duran        | 3.8 |                         |                                |
|        36 |       39 |            |            |              |     | Network Engineering     | Algorithms                     |
|        39 |       39 |            |            |              |     | Network Engineering     | Network Security               |
|        29 |       39 |            |            |              |     | Network Engineering     | Computer Systems               |
|        26 |       39 |            |            |              |     | Network Engineering     | Computer Networks              |
|        32 |       40 |            |            |              |     | Computer Programming    | Python                         |
|        29 |       40 |            |            |              |     | Computer Programming    | Computer Systems               |
|        33 |       40 |            |            |              |     | Computer Programming    | Object-Oriented Programming    |
|        26 |       40 |            |            |              |     | Computer Programming    | Computer Networks              |
+-----------+----------+------------+------------+--------------+-----+-------------------------+--------------------------------+
(108 rows)

                              
+------------+------------+--------------+----------+-----+
| student_id | first_name |  last_name   | major_id | gpa |
+------------+------------+--------------+----------+-----+
|          6 | Rhea       | Kellems      |       36 | 2.5 |
|          7 | Emma       | Gilbert      |          |     |
|          8 | Kimberly   | Whitley      |       37 | 3.8 |
|          9 | Jimmy      | Felipe       |       36 | 3.7 |
|         10 | Kyle       | Stimson      |          | 2.8 |
|         11 | Casares    | Hijo         |       41 | 4.0 |
|         12 | Noe        | Savage       |          | 3.6 |
|         13 | Sterling   | Boss         |       41 | 3.9 |
|         14 | Brian      | Davis        |          | 2.3 |
|         15 | Kaija      | Uronen       |       41 | 3.7 |
|         16 | Faye       | Conn         |       41 | 2.1 |
|         17 | Efren      | Reilly       |       37 | 3.9 |
|         18 | Danh       | Nhung        |          | 2.4 |
|         19 | Maxine     | Hagenes      |       36 | 2.9 |
|         20 | Larry      | Saunders     |       38 | 2.2 |
|         21 | Karl       | Kuhar        |       37 |     |
|         22 | Lieke      | Hazenveld    |       41 | 3.5 |
|         23 | Obie       | Hilpert      |       37 |     |
|         24 | Peter      | Booysen      |          | 2.9 |
|         25 | Nathan     | Turner       |       36 | 3.3 |
|         26 | Gerald     | Osiki        |       38 | 2.2 |
|         27 | Vanya      | Hassanah     |       41 | 4.0 |
|         28 | Roxelana   | Florescu     |       36 | 3.2 |
|         29 | Helene     | Parker       |       38 | 3.4 |
|         30 | Mariana    | Russel       |       37 | 1.8 |
|         31 | Ajit       | Dhungel      |          | 3.0 |
|         32 | Mehdi      | Vandenberghe |       36 | 1.9 |
|         33 | Dejon      | Howell       |       37 | 4.0 |
|         34 | Aliya      | Gulgowski    |       42 | 2.6 |
|         35 | Ana        | Tupajic      |       38 | 3.1 |
|         36 | Hugo       | Duran        |          | 3.8 |
+------------+------------+--------------+----------+-----+
(31 rows)

                 
+--------------------------------+
|             course             |
+--------------------------------+
| Web Programming                |
| Web Applications               |
| Python                         |
| Object-Oriented Programming    |
| Network Security               |
| Data Structures and Algorithms |
| Computer Systems               |
| Computer Networks              |
| Algorithms                     |
+--------------------------------+
(9 rows)

                 
+--------------------------------+
|             course             |
+--------------------------------+
| Web Programming                |
| Web Applications               |
| Object-Oriented Programming    |
| Data Structures and Algorithms |
+--------------------------------+
(4 rows)

                   
+----------+-------------------------+
| major_id |          major          |
+----------+-------------------------+
|       36 | Database Administration |
|       37 | Web Development         |
|       38 | Data Science            |
|       39 | Network Engineering     |
|       40 | Computer Programming    |
|       41 | Game Design             |
|       42 | System Administration   |
+----------+-------------------------+
(7 rows)

             
+-----------------------+
|        course         |
+-----------------------+
| Computer Networks     |
| Computer Systems      |
| Server Administration |
| UNIX                  |
+-----------------------+
(4 rows)

